<?xml version="1.0" encoding="UTF-8"?>
<!-- Generated by org.testng.reporters.JUnitXMLReporter -->
<testsuite hostname="DEVSTATION133" failures="0" tests="6" name="Surefire test" time="0.748" errors="0" timestamp="16 Dec 2019 17:25:24 GMT">
  <testcase classname="qaclickacademy.AppiumTest" name="ValidationMobilePhone on ValidationMobilePhone(qaclickacademy.AppiumTest)" time="0.02"/>
  <testcase classname="qaclickacademy.AppiumTest" name="MobileLogin on MobileLogin(qaclickacademy.AppiumTest)" time="0.001"/>
  <testcase classname="qaclickacademy.RESTAPITest" name="URLLogin on URLLogin(qaclickacademy.RESTAPITest)" time="0.001"/>
  <testcase classname="qaclickacademy.RESTAPITest" name="ValidationMobileURL on ValidationMobileURL(qaclickacademy.RESTAPITest)" time="0.002"/>
  <testcase classname="qaclickacademy.SeleniumTest" name="ValidationforDateRange on ValidationforDateRange(qaclickacademy.SeleniumTest)" time="0.0"/>
  <testcase classname="qaclickacademy.SeleniumTest" name="BrowserAutomation on BrowserAutomation(qaclickacademy.SeleniumTest)" time="0.001"/>
</testsuite> <!-- Surefire test -->
